<?xml version="1.0" encoding="UTF-8"?>
<robot generator="Robot 4.0.1 (Python 3.8.9 on win32)" generated="20210520 18:24:20.361" rpa="false" schemaversion="2">
<suite id="s1" name="Poliedro" source="C:\Users\yamit.riascos\Documents\Proyectos Automatizacion\Poliedro\testCases\poliedro.robot">
<test id="s1-t1" name="Ingreso Poliedro exitoso">
<kw name="Abrir navegador" library="common">
<kw name="Open Browser" library="SeleniumLibrary">
<arg>${url}</arg>
<arg>${navegador}</arg>
<doc>Opens a new browser instance to the optional ``url``.</doc>
<msg timestamp="20210520 18:24:20.531" level="INFO">Opening browser 'ie' to base url 'https://wpoliqa01/'.</msg>
<status status="PASS" starttime="20210520 18:24:20.530" endtime="20210520 18:24:21.942"/>
</kw>
<kw name="Maximize Browser Window" library="SeleniumLibrary">
<doc>Maximizes current browser window.</doc>
<status status="PASS" starttime="20210520 18:24:21.943" endtime="20210520 18:24:21.958"/>
</kw>
<kw name="Capture Page Screenshot" library="SeleniumLibrary">
<arg>Claro_open_initial_page.png</arg>
<doc>Takes a screenshot of the current page and embeds it into a log file.</doc>
<msg timestamp="20210520 18:24:21.984" level="INFO" html="true">&lt;/td&gt;&lt;/tr&gt;&lt;tr&gt;&lt;td colspan="3"&gt;&lt;a href="Claro_open_initial_page.png"&gt;&lt;img src="Claro_open_initial_page.png" width="800px"&gt;&lt;/a&gt;</msg>
<status status="PASS" starttime="20210520 18:24:21.958" endtime="20210520 18:24:21.985"/>
</kw>
<status status="PASS" starttime="20210520 18:24:20.530" endtime="20210520 18:24:21.985"/>
</kw>
<kw name="Excepcion de seguridad" library="common">
<kw name="Wait Until Element Is Visible" library="SeleniumLibrary">
<arg>${btn_mas_informacion}</arg>
<arg>60s</arg>
<doc>Waits until the element ``locator`` is visible.</doc>
<status status="PASS" starttime="20210520 18:24:21.985" endtime="20210520 18:24:22.147"/>
</kw>
<kw name="Verify_Element_is_Present" library="highlight.module">
<arg>//id[@id="invalidcert_closeTab"]</arg>
<doc>_*SUMMARY:*_
This Component is to verify if an element is present in the page
and do the highlig on it.</doc>
<kw name="Run Keyword And Ignore Error" library="BuiltIn">
<arg>Wait Until Page Contains Element</arg>
<arg>${l_element}</arg>
<arg>${SYSTEM}${TIMEOUT}</arg>
<doc>Runs the given keyword with the given arguments and ignores possible error.</doc>
<kw name="Wait Until Page Contains Element" library="SeleniumLibrary">
<arg>${l_element}</arg>
<arg>${SYSTEM}${TIMEOUT}</arg>
<doc>Waits until the element ``locator`` appears on the current page.</doc>
<msg timestamp="20210520 18:24:22.151" level="FAIL">Variable '${SYSTEM}' not found.</msg>
<status status="FAIL" starttime="20210520 18:24:22.150" endtime="20210520 18:24:22.151"/>
</kw>
<status status="PASS" starttime="20210520 18:24:22.149" endtime="20210520 18:24:22.151"/>
</kw>
<kw name="Run Keyword And Ignore Error" library="BuiltIn">
<var>${status1}</var>
<var>${value1}</var>
<arg>Scroll Element Into View</arg>
<arg>${l_element}</arg>
<doc>Runs the given keyword with the given arguments and ignores possible error.</doc>
<kw name="Scroll Element Into View" library="SeleniumLibrary">
<arg>${l_element}</arg>
<doc>Scrolls the element identified by ``locator`` into view.</doc>
<status status="PASS" starttime="20210520 18:24:22.152" endtime="20210520 18:24:22.636"/>
</kw>
<msg timestamp="20210520 18:24:22.636" level="INFO">${status1} = PASS</msg>
<msg timestamp="20210520 18:24:22.637" level="INFO">${value1} = None</msg>
<status status="PASS" starttime="20210520 18:24:22.151" endtime="20210520 18:24:22.637"/>
</kw>
<kw name="Run Keyword And Ignore Error" library="BuiltIn">
<var>${status2}</var>
<var>${value2}</var>
<arg>Wait Until Page Contains Element</arg>
<arg>${l_element}</arg>
<arg>${SYSTEM}${TIMEOUT}</arg>
<doc>Runs the given keyword with the given arguments and ignores possible error.</doc>
<kw name="Wait Until Page Contains Element" library="SeleniumLibrary">
<arg>${l_element}</arg>
<arg>${SYSTEM}${TIMEOUT}</arg>
<doc>Waits until the element ``locator`` appears on the current page.</doc>
<msg timestamp="20210520 18:24:22.641" level="FAIL">Variable '${SYSTEM}' not found.</msg>
<status status="FAIL" starttime="20210520 18:24:22.638" endtime="20210520 18:24:22.642"/>
</kw>
<msg timestamp="20210520 18:24:22.642" level="INFO">${status2} = FAIL</msg>
<msg timestamp="20210520 18:24:22.642" level="INFO">${value2} = Variable '${SYSTEM}' not found.</msg>
<status status="PASS" starttime="20210520 18:24:22.637" endtime="20210520 18:24:22.642"/>
</kw>
<kw name="Run Keyword And Return If" library="BuiltIn">
<arg>'${status1}'=='FAIL' and '${status2}'=='FAIL'</arg>
<arg>Run Keywords</arg>
<arg>Log Console And Log</arg>
<arg>Element is not present</arg>
<arg>AND</arg>
<arg>Fail</arg>
<arg>Execution stops because element is not present &gt;&gt; ${l_element}</arg>
<doc>Runs the specified keyword and returns from the enclosing user keyword.</doc>
<status status="PASS" starttime="20210520 18:24:22.643" endtime="20210520 18:24:22.644"/>
</kw>
<kw name="Get WebElement" library="SeleniumLibrary">
<var>${WebElement}</var>
<arg>${l_element}</arg>
<doc>Returns the first WebElement matching the given ``locator``.</doc>
<msg timestamp="20210520 18:24:22.742" level="INFO">${WebElement} = &lt;selenium.webdriver.remote.webelement.WebElement (session="82514fe1-6ae2-4852-9fdf-6de85eeb2e64", element="0c82aa12-36bd-480f-a005-6526b809ba90")&gt;</msg>
<status status="PASS" starttime="20210520 18:24:22.644" endtime="20210520 18:24:22.742"/>
</kw>
<kw name="Highlight" library="Yggdrasil">
<arg>${WebElement}</arg>
<doc>Highlights (blinks) a Selenium Webdriver element</doc>
<status status="PASS" starttime="20210520 18:24:22.742" endtime="20210520 18:24:23.630"/>
</kw>
<kw name="Set Suite Variable" library="BuiltIn">
<arg>${status1}</arg>
<doc>Makes a variable available everywhere within the scope of the current suite.</doc>
<msg timestamp="20210520 18:24:23.630" level="INFO">${status1} = PASS</msg>
<status status="PASS" starttime="20210520 18:24:23.630" endtime="20210520 18:24:23.630"/>
</kw>
<kw name="Set Suite Variable" library="BuiltIn">
<arg>${status2}</arg>
<doc>Makes a variable available everywhere within the scope of the current suite.</doc>
<msg timestamp="20210520 18:24:23.631" level="INFO">${status2} = FAIL</msg>
<status status="PASS" starttime="20210520 18:24:23.630" endtime="20210520 18:24:23.631"/>
</kw>
<status status="PASS" starttime="20210520 18:24:22.148" endtime="20210520 18:24:23.631"/>
</kw>
<kw name="Click Element" library="SeleniumLibrary">
<arg>//id[@id="invalidcert_closeTab"]</arg>
<doc>Click the element identified by ``locator``.</doc>
<msg timestamp="20210520 18:24:23.631" level="INFO">Clicking element '//id[@id="invalidcert_closeTab"]'.</msg>
<status status="PASS" starttime="20210520 18:24:23.631" endtime="20210520 18:24:24.018"/>
</kw>
<kw name="Wait Until Element Is Visible" library="SeleniumLibrary">
<arg>//a[@id="overridelink"]</arg>
<arg>60s</arg>
<doc>Waits until the element ``locator`` is visible.</doc>
<kw name="Capture Page Screenshot" library="SeleniumLibrary">
<doc>Takes a screenshot of the current page and embeds it into a log file.</doc>
<msg timestamp="20210520 18:25:24.380" level="INFO" html="true">&lt;/td&gt;&lt;/tr&gt;&lt;tr&gt;&lt;td colspan="3"&gt;&lt;a href="selenium-screenshot-4.png"&gt;&lt;img src="selenium-screenshot-4.png" width="800px"&gt;&lt;/a&gt;</msg>
<status status="PASS" starttime="20210520 18:25:24.345" endtime="20210520 18:25:24.380"/>
</kw>
<msg timestamp="20210520 18:25:24.393" level="FAIL">Element '//a[@id="overridelink"]' not visible after 1 minute.</msg>
<status status="FAIL" starttime="20210520 18:24:24.018" endtime="20210520 18:25:24.393"/>
</kw>
<kw name="Verify_Element_is_Present" library="highlight.module">
<arg>//a[@id="overridelink"]</arg>
<doc>_*SUMMARY:*_
This Component is to verify if an element is present in the page
and do the highlig on it.</doc>
<status status="NOT RUN" starttime="20210520 18:25:24.394" endtime="20210520 18:25:24.394"/>
</kw>
<kw name="Capture Page Screenshot" library="SeleniumLibrary">
<arg>Claro_Continue.png</arg>
<doc>Takes a screenshot of the current page and embeds it into a log file.</doc>
<status status="NOT RUN" starttime="20210520 18:25:24.394" endtime="20210520 18:25:24.394"/>
</kw>
<kw name="Click Element" library="SeleniumLibrary">
<arg>//a[@id="overridelink"]</arg>
<doc>Click the element identified by ``locator``.</doc>
<status status="NOT RUN" starttime="20210520 18:25:24.394" endtime="20210520 18:25:24.395"/>
</kw>
<status status="FAIL" starttime="20210520 18:24:21.985" endtime="20210520 18:25:24.395"/>
</kw>
<kw name="Ingresar a Poliedro" library="login">
<status status="NOT RUN" starttime="20210520 18:25:24.395" endtime="20210520 18:25:24.395"/>
</kw>
<status status="FAIL" starttime="20210520 18:24:20.530" endtime="20210520 18:25:24.396">Element '//a[@id="overridelink"]' not visible after 1 minute.</status>
</test>
<status status="FAIL" starttime="20210520 18:24:20.362" endtime="20210520 18:25:24.400"/>
</suite>
<statistics>
<total>
<stat pass="0" fail="1" skip="0">All Tests</stat>
</total>
<tag>
</tag>
<suite>
<stat pass="0" fail="1" skip="0" id="s1" name="Poliedro">Poliedro</stat>
</suite>
</statistics>
<errors>
</errors>
</robot>
